#
# There is insufficient memory for the Java Runtime Environment to continue.
# Native memory allocation (mmap) failed to map 134217728 bytes. Error detail: G1 virtual space
# Possible reasons:
#   The system is out of physical RAM or swap space
#   This process is running with CompressedOops enabled, and the Java Heap may be blocking the growth of the native heap
# Possible solutions:
#   Reduce memory load on the system
#   Increase physical memory or swap space
#   Check if swap backing store is full
#   Decrease Java heap size (-Xmx/-Xms)
#   Decrease number of Java threads
#   Decrease Java thread stack sizes (-Xss)
#   Set larger code cache with -XX:ReservedCodeCacheSize=
#   JVM is running with Unscaled Compressed Oops mode in which the Java heap is
#     placed in the first 4GB address space. The Java Heap base address is the
#     maximum limit for the native heap growth. Please use -XX:HeapBaseMinAddress
#     to set the Java Heap base and to place the Java Heap above 4GB virtual address.
# This output file may be truncated or incomplete.
#
#  Out of Memory Error (os_windows.cpp:3631), pid=3880, tid=32676
#
# JRE version:  (22.0.2+9) (build )
# Java VM: OpenJDK 64-Bit Server VM (22.0.2+9-70, mixed mode, emulated-client, sharing, tiered, compressed oops, compressed class ptrs, g1 gc, windows-amd64)
# No core dump will be written. Minidumps are not enabled by default on client versions of Windows
#

---------------  S U M M A R Y ------------

Command Line: -XX:TieredStopAtLevel=1 -Dspring.output.ansi.enabled=always -Dcom.sun.management.jmxremote -Dspring.jmx.enabled=true -Dspring.liveBeansView.mbeanDomain -Dspring.application.admin.enabled=true -Dmanagement.endpoints.jmx.exposure.include=* -javaagent:D:\Program Files\JetBrains\IntelliJ IDEA 2023.3.4\lib\idea_rt.jar=59661:D:\Program Files\JetBrains\IntelliJ IDEA 2023.3.4\bin -Dfile.encoding=UTF-8 -Dsun.stdout.encoding=UTF-8 -Dsun.stderr.encoding=UTF-8 com.nian.mydemogateway.MyDemoGatewayApplication

Host: Intel(R) Core(TM) i5-8250U CPU @ 1.60GHz, 8 cores, 7G,  Windows 11 , 64 bit Build 22621 (10.0.22621.5415)
Time: Mon Dec 15 14:43:34 2025  Windows 11 , 64 bit Build 22621 (10.0.22621.5415) elapsed time: 0.030610 seconds (0d 0h 0m 0s)

---------------  T H R E A D  ---------------

Current thread (0x0000020af18fee60):  JavaThread "Unknown thread" [_thread_in_vm, id=32676, stack(0x0000004dacd00000,0x0000004dace00000) (1024K)]

Stack: [0x0000004dacd00000,0x0000004dace00000]
Native frames: (J=compiled Java code, j=interpreted, Vv=VM code, C=native code)
V  [jvm.dll+0x6e26e9]  (no source info available)
V  [jvm.dll+0x875753]  (no source info available)
V  [jvm.dll+0x877b7e]  (no source info available)
V  [jvm.dll+0x878253]  (no source info available)
V  [jvm.dll+0x27fc86]  (no source info available)
V  [jvm.dll+0x6ded85]  (no source info available)
V  [jvm.dll+0x6d388a]  (no source info available)
V  [jvm.dll+0x358b8a]  (no source info available)
V  [jvm.dll+0x3610b6]  (no source info available)
V  [jvm.dll+0x3b419e]  (no source info available)
V  [jvm.dll+0x3b4448]  (no source info available)
V  [jvm.dll+0x32c5ec]  (no source info available)
V  [jvm.dll+0x32d258]  (no source info available)
V  [jvm.dll+0x83d5ac]  (no source info available)
V  [jvm.dll+0x3c10d1]  (no source info available)
V  [jvm.dll+0x8264cc]  (no source info available)
V  [jvm.dll+0x45bd5e]  (no source info available)
V  [jvm.dll+0x45dbe1]  (no source info available)
C  [jli.dll+0x52a3]  (no source info available)
C  [ucrtbase.dll+0x29333]  (no source info available)
C  [KERNEL32.DLL+0x1259d]  (no source info available)
C  [ntdll.dll+0x5af78]  (no source info available)


---------------  P R O C E S S  ---------------

Threads class SMR info:
_java_thread_list=0x00007ffa9329c1c8, length=0, elements={
}

Java Threads: ( => current thread )
Total: 0

Other Threads:
  0x0000020af1952dc0 WorkerThread "GC Thread#0"                     [id=36364, stack(0x0000004dace00000,0x0000004dacf00000) (1024K)]
  0x0000020af1963a00 ConcurrentGCThread "G1 Main Marker"            [id=18124, stack(0x0000004dacf00000,0x0000004dad000000) (1024K)]
  0x0000020af1965c40 WorkerThread "G1 Conc#0"                       [id=34340, stack(0x0000004dad000000,0x0000004dad100000) (1024K)]

[error occurred during error reporting (printing all threads), id 0xc0000005, EXCEPTION_ACCESS_VIOLATION (0xc0000005) at pc=0x00007ffa929ef517]
VM state: not at safepoint (not fully initialized)

VM Mutex/Monitor currently owned by a thread:  ([mutex/lock_event])
[0x00007ffa9331cc80] Heap_lock - owner thread: 0x0000020af18fee60

Heap address: 0x0000000081600000, size: 2026 MB, Compressed Oops mode: 32-bit

CDS archive(s) mapped at: [0x0000000000000000-0x0000000000000000-0x0000000000000000), size 0, SharedBaseAddress: 0x0000000800000000, ArchiveRelocationMode: 1.
Narrow klass base: 0x0000000000000000, Narrow klass shift: 0, Narrow klass range: 0x0

GC Precious Log:
 CardTable entry size: 512
 Card Set container configuration: InlinePtr #cards 5 size 8 Array Of Cards #cards 12 size 40 Howl #buckets 4 coarsen threshold 1843 Howl Bitmap #cards 512 size 80 coarsen threshold 460 Card regions per heap region 1 cards per card region 2048

Heap:
 garbage-first heap   total reserved 2074624K, committed 0K, used 0K [0x0000000081600000, 0x0000000100000000)
  region size 1024K, 0 young (0K), 0 survivors (0K)

[error occurred during error reporting (printing heap information), id 0xc0000005, EXCEPTION_ACCESS_VIOLATION (0xc0000005) at pc=0x00007ffa92dee869]
GC Heap History (0 events):
No events

Dll operation events (1 events):
Event: 0.023 Loaded shared library C:\Users\定10086\.jdks\openjdk-22.0.2\bin\java.dll

Deoptimization events (0 events):
No events

Classes loaded (0 events):
No events

Classes unloaded (0 events):
No events

Classes redefined (0 events):
No events

Internal exceptions (0 events):
No events

ZGC Phase Switch (0 events):
No events

VM Operations (0 events):
No events

Memory protections (0 events):
No events

Nmethod flushes (0 events):
No events

Events (0 events):
No events


Dynamic libraries:
0x00007ff72fac0000 - 0x00007ff72face000 	C:\Users\定10086\.jdks\openjdk-22.0.2\bin\java.exe
0x00007ffb20970000 - 0x00007ffb20b87000 	C:\WINDOWS\SYSTEM32\ntdll.dll
0x00007ffb1f070000 - 0x00007ffb1f134000 	C:\WINDOWS\System32\KERNEL32.DLL
0x00007ffb1db00000 - 0x00007ffb1ded2000 	C:\WINDOWS\System32\KERNELBASE.dll
0x00007ffb1e4e0000 - 0x00007ffb1e5f1000 	C:\WINDOWS\System32\ucrtbase.dll
0x00007ffb07f30000 - 0x00007ffb07f47000 	C:\Users\定10086\.jdks\openjdk-22.0.2\bin\jli.dll
0x00007ffb1b750000 - 0x00007ffb1b76b000 	C:\Users\定10086\.jdks\openjdk-22.0.2\bin\VCRUNTIME140.dll
0x00007ffb1ec60000 - 0x00007ffb1ee11000 	C:\WINDOWS\System32\USER32.dll
0x00007ffb0ca90000 - 0x00007ffb0cd2b000 	C:\WINDOWS\WinSxS\amd64_microsoft.windows.common-controls_6595b64144ccf1df_6.0.22621.5547_none_27104afb73855772\COMCTL32.dll
0x00007ffb1e1c0000 - 0x00007ffb1e1e6000 	C:\WINDOWS\System32\win32u.dll
0x00007ffb1ebb0000 - 0x00007ffb1ec57000 	C:\WINDOWS\System32\msvcrt.dll
0x00007ffb1fd10000 - 0x00007ffb1fd39000 	C:\WINDOWS\System32\GDI32.dll
0x00007ffb1e1f0000 - 0x00007ffb1e313000 	C:\WINDOWS\System32\gdi32full.dll
0x00007ffb1da60000 - 0x00007ffb1dafa000 	C:\WINDOWS\System32\msvcp_win.dll
0x00007ffb20340000 - 0x00007ffb20371000 	C:\WINDOWS\System32\IMM32.DLL
0x00007ffb1b740000 - 0x00007ffb1b74c000 	C:\Users\定10086\.jdks\openjdk-22.0.2\bin\vcruntime140_1.dll
0x00007ffb06380000 - 0x00007ffb0640e000 	C:\Users\定10086\.jdks\openjdk-22.0.2\bin\msvcp140.dll
0x00007ffa926b0000 - 0x00007ffa933f9000 	C:\Users\定10086\.jdks\openjdk-22.0.2\bin\server\jvm.dll
0x00007ffb1e980000 - 0x00007ffb1ea31000 	C:\WINDOWS\System32\ADVAPI32.dll
0x00007ffb1fef0000 - 0x00007ffb1ff98000 	C:\WINDOWS\System32\sechost.dll
0x00007ffb1e190000 - 0x00007ffb1e1b8000 	C:\WINDOWS\System32\bcrypt.dll
0x00007ffb1f170000 - 0x00007ffb1f284000 	C:\WINDOWS\System32\RPCRT4.dll
0x00007ffb1ee20000 - 0x00007ffb1ee91000 	C:\WINDOWS\System32\WS2_32.dll
0x00007ffb1d4a0000 - 0x00007ffb1d4ed000 	C:\WINDOWS\SYSTEM32\POWRPROF.dll
0x00007ffb158d0000 - 0x00007ffb15904000 	C:\WINDOWS\SYSTEM32\WINMM.dll
0x00007ffb14af0000 - 0x00007ffb14afa000 	C:\WINDOWS\SYSTEM32\VERSION.dll
0x00007ffb1d480000 - 0x00007ffb1d493000 	C:\WINDOWS\SYSTEM32\UMPDC.dll
0x00007ffb1ca10000 - 0x00007ffb1ca28000 	C:\WINDOWS\SYSTEM32\kernel.appcore.dll
0x00007ffb1b680000 - 0x00007ffb1b68a000 	C:\Users\定10086\.jdks\openjdk-22.0.2\bin\jimage.dll
0x00007ffb0b1b0000 - 0x00007ffb0b3e3000 	C:\WINDOWS\SYSTEM32\DBGHELP.DLL
0x00007ffb1ffa0000 - 0x00007ffb20333000 	C:\WINDOWS\System32\combase.dll
0x00007ffb1ef00000 - 0x00007ffb1efd7000 	C:\WINDOWS\System32\OLEAUT32.dll
0x00007ffb0a1c0000 - 0x00007ffb0a1f2000 	C:\WINDOWS\SYSTEM32\dbgcore.DLL
0x00007ffb1e320000 - 0x00007ffb1e39b000 	C:\WINDOWS\System32\bcryptPrimitives.dll
0x00007ffb1b570000 - 0x00007ffb1b57f000 	C:\Users\定10086\.jdks\openjdk-22.0.2\bin\instrument.dll
0x00007ffb07bc0000 - 0x00007ffb07bde000 	C:\Users\定10086\.jdks\openjdk-22.0.2\bin\java.dll
0x00007ffb1f290000 - 0x00007ffb1fb32000 	C:\WINDOWS\System32\SHELL32.dll
0x00007ffb1e3a0000 - 0x00007ffb1e4df000 	C:\WINDOWS\System32\wintypes.dll
0x00007ffb1fd50000 - 0x00007ffb1fef0000 	C:\WINDOWS\System32\ole32.dll

dbghelp: loaded successfully - version: 4.0.5 - missing functions: none
symbol engine: initialized successfully - sym options: 0x614 - pdb path: .;C:\Users\定10086\.jdks\openjdk-22.0.2\bin;C:\WINDOWS\SYSTEM32;C:\WINDOWS\WinSxS\amd64_microsoft.windows.common-controls_6595b64144ccf1df_6.0.22621.5547_none_27104afb73855772;C:\Users\定10086\.jdks\openjdk-22.0.2\bin\serv;C:\Users\定10086\.jdks\openjdk-22.0.2\bin\ser

VM Arguments:
jvm_args: -XX:TieredStopAtLevel=1 -Dspring.output.ansi.enabled=always -Dcom.sun.management.jmxremote -Dspring.jmx.enabled=true -Dspring.liveBeansView.mbeanDomain -Dspring.application.admin.enabled=true -Dmanagement.endpoints.jmx.exposure.include=* -javaagent:D:\Program Files\JetBrains\IntelliJ IDEA 2023.3.4\lib\idea_rt.jar=59661:D:\Program Files\JetBrains\IntelliJ IDEA 2023.3.4\bin -Dfile.encoding=UTF-8 -Dsun.stdout.encoding=UTF-8 -Dsun.stderr.encoding=UTF-8 
java_command: com.nian.mydemogateway.MyDemoGatewayApplication
java_class_path (initial): D:\BaiduNetdiskDownload\彿創\彿創\鎗、酊進逆竣籾\窮斌麼悶酊尽澗\tlmallv5┛根涸才蛍下塀並暦\myDemo\myDemo-gateway\target\classes;C:\Users\定10086\.m2\repository\org\springframework\cloud\spring-cloud-starter-gateway\2.2.9.RELEASE\spring-cloud-starter-gateway-2.2.9.RELEASE.jar;C:\Users\定10086\.m2\repository\org\springframework\cloud\spring-cloud-starter\2.2.9.RELEASE\spring-cloud-starter-2.2.9.RELEASE.jar;C:\Users\定10086\.m2\repository\org\springframework\security\spring-security-rsa\1.0.9.RELEASE\spring-security-rsa-1.0.9.RELEASE.jar;C:\Users\定10086\.m2\repository\org\bouncycastle\bcpkix-jdk15on\1.64\bcpkix-jdk15on-1.64.jar;C:\Users\定10086\.m2\repository\org\bouncycastle\bcprov-jdk15on\1.64\bcprov-jdk15on-1.64.jar;C:\Users\定10086\.m2\repository\org\springframework\cloud\spring-cloud-gateway-server\2.2.9.RELEASE\spring-cloud-gateway-server-2.2.9.RELEASE.jar;C:\Users\定10086\.m2\repository\org\springframework\boot\spring-boot-starter-validation\2.3.12.RELEASE\spring-boot-starter-validation-2.3.12.RELEASE.jar;C:\Users\定10086\.m2\repository\org\glassfish\jakarta.el\3.0.3\jakarta.el-3.0.3.jar;C:\Users\定10086\.m2\repository\org\hibernate\validator\hibernate-validator\6.1.7.Final\hibernate-validator-6.1.7.Final.jar;C:\Users\定10086\.m2\repository\jakarta\validation\jakarta.validation-api\2.0.2\jakarta.validation-api-2.0.2.jar;C:\Users\定10086\.m2\repository\org\jboss\logging\jboss-logging\3.4.2.Final\jboss-logging-3.4.2.Final.jar;C:\Users\定10086\.m2\repository\com\fasterxml\classmate\1.5.1\classmate-1.5.1.jar;C:\Users\定10086\.m2\repository\io\projectreactor\addons\reactor-extra\3.3.6.RELEASE\reactor-extra-3.3.6.RELEASE.jar;C:\Users\定10086\.m2\repository\io\projectreactor\reactor-core\3.3.17.RELEASE\reactor-core-3.3.17.RELEASE.jar;C:\Users\定10086\.m2\repository\org\reactivestreams\reactive-streams\1.0.3\reactive-streams-1.0.3.jar;C:\Users\定10086\.m2\repository\org\springframework\boot\spring-boot-starter-webflux\2.3.12.RELEASE\spring-boot-starter-webflux-2.3.12.RELEASE.jar;C:\Users\定10086\.m2\repository\org\springframework\boot\spring-boot-starter-json\2.3.12.RELEASE\spring-boot-starter-json-2.3.12.RELEASE.jar;C:\Users\定10086\.m2\repository\com\fasterxml\jackson\datatype\jackson-datatype-jdk8\2.11.4\jackson-datatype-jdk8-2.11.4.jar;C:\Users\定10086\.m2\repository\com\fasterxml\jackson\module\jackson-module-parameter-names\2.11.4\jackson-module-parameter-names-2.11.4.jar;C:\Users\定10086\.m2\repository\org\springframework\boot\spring-boot-starter-reactor-netty\2.3.12.RELEASE\spring-boot-starter-reactor-netty-2.3.12.RELEASE.jar;C:\Users\定10086\.m2\repository\io\projectreactor\netty\reactor-netty\0.9.20.RELEASE\reactor-netty-0.9.20.RELEASE.jar;C:\Users\定10086\.m2\repository\io\netty\netty-codec-http\4.1.65.Final\netty-codec-http-4.1.65.Final.jar;C:\Users\定10086\.m2\repository\io\netty\netty-codec-http2\4.1.65.Final\netty-codec-http2-4.1.65.Final.jar;C:\Users\定10086\.m2\repository\io\netty\netty-handler-proxy\4.1.65.Final\netty-handler-proxy-4.1.65.Final.jar;C:\Users\定10086\.m2\repository\io\netty\netty-codec-socks\4.1.65.Final\netty-codec-socks-4.1.65.Final.jar;C:\Users\定10086\.m2\repository\io\netty\netty-transport-native-epoll\4.1.65.Final\netty-transport-native-epoll-4.1.65.Final-linux-x86_64.jar;C:\Users\定10086\.m2\repository\io\netty\netty-transport-native-unix-common\4.1.65.Final\netty-transport-native-unix-common-4.1.65.Final.jar;C:\Users\定10086\.m2\repository\org\springframework\spring-web\5.2.15.RELEASE\spring-web-5.2.15.RELEASE.jar;C:\Users\定10086\.m2\repository\org\springframework\spring-beans\5.2.15.RELEASE\spring-beans-5.2.15.RELEASE.jar;C:\Users\定10086\.m2\repository\org\springframework\spring-webflux\5.2.15.RELEASE\spring-webflux-5.2.15.RELEASE.jar;C:\Users\定10086\.m2\repository\org\synchronoss\cloud\nio-multipart-parser\1.1.0\nio-multipart-parser-1.1.0.jar;C:\Users\定10086\.m2\repository\org\slf4j\slf4j-api\1.7.30\slf4j-api-1.7.30.jar;C:\Users\定10086\.m2\repository\org\synchronoss\cloud\nio-stream-storage\1.1.3\nio-stream-storage-1.1.3.jar;C:\Users\定10086\.m2\repository\com\alibaba\cloud\spring-cloud-alibaba-nacos-discovery\2.1.1.RELEASE\spring-cloud-alibaba-nacos-discovery-2.1.1.RELEASE.jar;C:\Users\定10086\.m2\repository\com\alibaba\nacos\nacos-client\2.1.0\nacos-client-2.1.0.jar;C:\Users\定10086\.m2\repository\com\alibaba\nacos\nacos-auth-plugin\2.1.0\nacos-auth-plugin-2.1.0.jar;C:\Users\定10086\.m2\repository\com\alibaba\nacos\nacos-encryption-plugin\2.1.0\nacos-encryption-plugin-2.1.0.jar;C:\Users\定10086\.m2\repository\commons-codec\commons-codec\1.14\commons-codec-1.14.jar;C:\Users\定10086\.m2\repository\com\fasterxml\jackson\core\jackson-core\2.11.4\jackson-core-2.11.4.jar;C:\Users\定10086\.m2\repository\org\apache\httpcomponents\httpasyncclient\4.1.4\httpasyncclient-4.1.4.jar;C:\Users\定10086\.m2\repository\org\apache\httpcomponents\httpcore\4.4.14\httpcore-4.4.14.jar;C:\Users\定10086\.m2\repository\org\apache\httpcomponents\httpcore-nio\4.4.14\httpcore-nio-4.4.14.jar;C:\Users\定10086\.m2\repository\org\apache\httpcomponents\httpclient\4.5.13\httpclient-4.5.13.jar;C:\Users\定10086\.m2\repository\io\prometheus\simpleclient\0.5.0\simpleclient-0.5.0.jar;C:\Users\定10086\.m2\repository\org\yaml\snakeyaml\1.26\snakeyaml-1.26.jar;C:\Users\定10086\.m2\repository\org\springframework\cloud\spring-cloud-commons\2.2.9.RELEASE\spring-cloud-commons-2.2.9.RELEASE.jar;C:\Users\定10086\.m2\repository\org\springframework\security\spring-security-crypto\5.3.9.RELEASE\spring-security-crypto-5.3.9.RELEASE.jar;C:\Users\定10086\.m2\repository\org\springframework\cloud\spring-cloud-context\2.2.9.RELEASE\spring-cloud-context-2.2.9.RELEASE.jar;C:\Users\定10086\.m2\repository\org\springframework\cloud\spring-cloud-starter-netflix-ribbon\2.2.9.RELEASE\spring-cloud-starter-netflix-ribbon-2.2.9.RELEASE.jar;C:\Users\定10086\.m2\repository\org\springframework\cloud\spring-cloud-netflix-ribbon\2.2.9.RELEASE\spring-cloud-netflix-ribbon-2.2.9.RELEASE.jar;C:\Users\定10086\.m2\repository\org\springframework\cloud\spring-cloud-netflix-archaius\2.2.9.RELEASE\spring-cloud-netflix-archaius-2.2.9.RELEASE.jar;C:\Users\定10086\.m2\repository\org\springframework\cloud\spring-cloud-starter-netflix-archaius\2.2.9.RELEASE\spring-cloud-starter-netflix-archaius-2.2.9.RELEASE.jar;C:\Users\定10086\.m2\repository\com\netflix\archaius\archaius-core\0.7.7\archaius-core-0.7.7.jar;C:\Users\定10086\.m2\repository\com\google\code\findbugs\jsr305\3.0.1\jsr305-3.0.1.jar;C:\Users\定10086\.m2\repository\commons-configuration\commons-configuration\1.8\commons-configuration-1.8.jar;C:\Users\定10086\.m2\repository\com\netflix\ribbon\ribbon\2.3.0\ribbon-2.3.0.jar;C:\Users\定10086\.m2\repository\com\netflix\ribbon\ribbon-transport\2.3.0\ribbon-transport-2.3.0.jar;C:\Users\定10086\.m2\repository\io\reactivex\rxnetty-contexts\0.4.9\rxnetty-contexts-0.4.9.jar;C:\Users\定10086\.m2\repository\io\reactivex\rxnetty-servo\0.4.9\rxnetty-servo-0.4.9.jar;C:\Users\定10086\.m2\repository\com\netflix\hystrix\hystrix-core\1.5.18\hystrix-core-1.5.18.jar;C:\Users\定10086\.m2\repository\javax\inject\javax.inject\1\javax.inject-1.jar;C:\Users\定10086\.m2\repository\io\reactivex\rxnetty\0.4.9\rxnetty-0.4.9.jar;C:\Users\定10086\.m2\repository\com\google\guava\guava\30.0-jre\guava-30.0-jre.jar;C:\Users\定10086\.m2\repository\com\google\guava\failureaccess\1.0.1\failureaccess-1.0.1.jar;C:\Users\定10086\.m2\repository\com\google\guava\listenablefuture\9999.0-empty-to-avoid-conflict-with-guava\listenablefuture-9999.0-empty-to-avoid-conflict-with-guava.jar;C:\Users\定10086\.m2\repository\org\checkerframework\checker-qual\3.5.0\checker-qual-3.5.0.jar;C:\Users\定10086\.m2\repository\com\google\errorprone\error_prone_annotations\2.3.4\error_prone_annotations-2.3.4.jar;C:\Users\定10086\.m2\repository\com\google\j2objc\j2objc-annotations\1.3\j2objc-annotations-1.3.jar;C:\Users\定10086\.m2\repository\com\netflix\ribbon\ribbon-core\2.3.0\ribbon-core-2.3.0.jar;C:\Users\定10086\.m2\repository\commons-lang\commons-lang\2.6\commons-lang-2.6.jar;C:\Users\定10086\.m2\repository\com\netflix\ribbon\ribbon-httpclient\2.3.0\ribbon-httpclient-2.3.0.jar;C:\Users\定10086\.m2\repository\commons-collections\commons-collections\3.2.2\commons-collections-3.2.2.jar;C:\Users\定10086\.m2\repository\com\sun\jersey\jersey-client\1.19.1\jersey-client-1.19.1.jar;C:\Users\定10086\.m2\repository\com\sun\jersey\jersey-core\1.19.1\jersey-core-1.19.1.jar;C:\Users\定10086\.m2\repository\javax\ws\rs\jsr311-api\1.1.1\jsr311-api-1.1.1.jar;C:\Users\定10086\.m2\repository\com\sun\jersey\contribs\jersey-apache-client4\1.19.1\jersey-apache-client4-1.19.1.jar;C:\Users\定10086\.m2\repository\com\netflix\servo\servo-core\0.12.21\servo-core-0.12.21.jar;C:\Users\定10086\.m2\repository\com\netflix\netflix-commons\netflix-commons-util\0.3.0\netflix-commons-util-0.3.0.jar;C:\Users\定10086\.m2\repository\com\netflix\ribbon\ribbon-loadbalancer\2.3.0\ribbon-loadbalancer-2.3.0.jar;C:\Users\定10086\.m2\repository\com\netflix\netflix-commons\netflix-statistics\0.1.1\netflix-statistics-0.1.1.jar;C:\Users\定10086\.m2\repository\io\reactivex\rxjava\1.3.8\rxjava-1.3.8.jar;C:\Users\定10086\.m2\repository\io\jsonwebtoken\jjwt-api\0.10.5\jjwt-api-0.10.5.jar;C:\Users\定10086\.m2\repository\io\jsonwebtoken\jjwt-impl\0.10.5\jjwt-impl-0.10.5.jar;C:\Users\定10086\.m2\repository\io\jsonwebtoken\jjwt-jackson\0.10.5\jjwt-jackson-0.10.5.jar;C:\Users\定10086\.m2\repository\com\fasterxml\jackson\core\jackson-databind\2.11.4\jackson-databind-2.11.4.jar;C:\Users\定10086\.m2\repository\com\fasterxml\jackson\core\jackson-annotations\2.11.4\jackson-annotations-2.11.4.jar;C:\Users\定10086\.m2\repository\org\springframework\boot\spring-boot-starter-actuator\2.3.12.RELEASE\spring-boot-starter-actuator-2.3.12.RELEASE.jar;C:\Users\定10086\.m2\repository\org\springframework\boot\spring-boot-starter\2.3.12.RELEASE\spring-boot-starter-2.3.12.RELEASE.jar;C:\Users\定10086\.m2\repository\org\springframework\boot\spring-boot\2.3.12.RELEASE\spring-boot-2.3.12.RELEASE.jar;C:\Users\定10086\.m2\repository\org\springframework\spring-context\5.2.15.RELEASE\spring-context-5.2.15.RELEASE.jar;C:\Users\定10086\.m2\repository\org\springframework\spring-aop\5.2.15.RELEASE\spring-aop-5.2.15.RELEASE.jar;C:\Users\定10086\.m2\repository\org\springframework\spring-expression\5.2.15.RELEASE\spring-expression-5.2.15.RELEASE.jar;C:\Users\定10086\.m2\repository\org\springframework\boot\spring-boot-autoconfigure\2.3.12.RELEASE\spring-boot-autoconfigure-2.3.12.RELEASE.jar;C:\Users\定10086\.m2\repository\org\springframework\boot\spring-boot-starter-logging\2.3.12.RELEASE\spring-boot-starter-logging-2.3.12.RELEASE.jar;C:\Users\定10086\.m2\repository\ch\qos\logback\logback-classic\1.2.3\logback-classic-1.2.3.jar;C:\Users\定10086\.m2\repository\ch\qos\logback\logback-core\1.2.3\logback-core-1.2.3.jar;C:\Users\定10086\.m2\repository\org\apache\logging\log4j\log4j-to-slf4j\2.13.3\log4j-to-slf4j-2.13.3.jar;C:\Users\定10086\.m2\repository\org\apache\logging\log4j\log4j-api\2.13.3\log4j-api-2.13.3.jar;C:\Users\定10086\.m2\repository\org\slf4j\jul-to-slf4j\1.7.30\jul-to-slf4j-1.7.30.jar;C:\Users\定10086\.m2\repository\jakarta\annotation\jakarta.annotation-api\1.3.5\jakarta.annotation-api-1.3.5.jar;C:\Users\定10086\.m2\repository\org\springframework\spring-core\5.2.15.RELEASE\spring-core-5.2.15.RELEASE.jar;C:\Users\定10086\.m2\repository\org\springframework\spring-jcl\5.2.15.RELEASE\spring-jcl-5.2.15.RELEASE.jar;C:\Users\定10086\.m2\repository\org\springframework\boot\spring-boot-actuator-autoconfigure\2.3.12.RELEASE\spring-boot-actuator-autoconfigure-2.3.12.RELEASE.jar;C:\Users\定10086\.m2\repository\org\springframework\boot\spring-boot-actuator\2.3.12.RELEASE\spring-boot-actuator-2.3.12.RELEASE.jar;C:\Users\定10086\.m2\repository\com\fasterxml\jackson\datatype\jackson-datatype-jsr310\2.11.4\jackson-datatype-jsr310-2.11.4.jar;C:\Users\定10086\.m2\repository\io\micrometer\micrometer-core\1.5.14\micrometer-core-1.5.14.jar;C:\Users\定10086\.m2\repository\org\hdrhistogram\HdrHistogram\2.1.12\HdrHistogram-2.1.12.jar;C:\Users\定10086\.m2\repository\org\latencyutils\LatencyUtils\2.0.3\LatencyUtils-2.0.3.jar;C:\Users\定10086\.m2\repository\com\alibaba\cloud\spring-cloud-starter-alibaba-nacos-config\2.2.9.RELEASE\spring-cloud-starter-alibaba-nacos-config-2.2.9.RELEASE.jar;C:\Users\定10086\.m2\repository\com\alibaba\spring\spring-context-support\1.0.11\spring-context-support-1.0.11.jar;C:\Users\定10086\.m2\repository\com\alibaba\cloud\spring-cloud-starter-alibaba-sentinel\2.2.9.RELEASE\spring-cloud-starter-alibaba-sentinel-2.2.9.RELEASE.jar;C:\Users\定10086\.m2\repository\com\alibaba\csp\sentinel-transport-simple-http\1.8.5\sentinel-transport-simple-http-1.8.5.jar;C:\Users\定10086\.m2\repository\com\alibaba\csp\sentinel-transport-common\1.8.5\sentinel-transport-common-1.8.5.jar;C:\Users\定10086\.m2\repository\com\alibaba\fastjson\1.2.83_noneautotype\fastjson-1.2.83_noneautotype.jar;C:\Users\定10086\.m2\repository\com\alibaba\csp\sentinel-annotation-aspectj\1.8.5\sentinel-annotation-aspectj-1.8.5.jar;C:\Users\定10086\.m2\repository\com\alibaba\csp\sentinel-core\1.8.5\sentinel-core-1.8.5.jar;C:\Users\定10086\.m2\repository\org\aspectj\aspectjweaver\1.9.6\aspectjweaver-1.9.6.jar;C:\Users\定10086\.m2\repository\com\alibaba\cloud\spring-cloud-circuitbreaker-sentinel\2.2.9.RELEASE\spring-cloud-circuitbreaker-sentinel-2.2.9.RELEASE.jar;C:\Users\定10086\.m2\repository\com\alibaba\csp\sentinel-reactor-adapter\1.8.5\sentinel-reactor-adapter-1.8.5.jar;C:\Users\定10086\.m2\repository\com\alibaba\csp\sentinel-spring-webflux-adapter\1.8.5\sentinel-spring-webflux-adapter-1.8.5.jar;C:\Users\定10086\.m2\repository\com\alibaba\csp\sentinel-spring-webmvc-adapter\1.8.5\sentinel-spring-webmvc-adapter-1.8.5.jar;C:\Users\定10086\.m2\repository\com\alibaba\csp\sentinel-parameter-flow-control\1.8.5\sentinel-parameter-flow-control-1.8.5.jar;C:\Users\定10086\.m2\repository\com\googlecode\concurrentlinkedhashmap\concurrentlinkedhashmap-lru\1.4.2\concurrentlinkedhashmap-lru-1.4.2.jar;C:\Users\定10086\.m2\repository\com\alibaba\csp\sentinel-cluster-server-default\1.8.5\sentinel-cluster-server-default-1.8.5.jar;C:\Users\定10086\.m2\repository\com\alibaba\csp\sentinel-cluster-common-default\1.8.5\sentinel-cluster-common-default-1.8.5.jar;C:\Users\定10086\.m2\repository\io\netty\netty-handler\4.1.65.Final\netty-handler-4.1.65.Final.jar;C:\Users\定10086\.m2\repository\io\netty\netty-common\4.1.65.Final\netty-common-4.1.65.Final.jar;C:\Users\定10086\.m2\repository\io\netty\netty-resolver\4.1.65.Final\netty-resolver-4.1.65.Final.jar;C:\Users\定10086\.m2\repository\io\netty\netty-buffer\4.1.65.Final\netty-buffer-4.1.65.Final.jar;C:\Users\定10086\.m2\repository\io\netty\netty-transport\4.1.65.Final\netty-transport-4.1.65.Final.jar;C:\Users\定10086\.m2\repository\io\netty\netty-codec\4.1.65.Final\netty-codec-4.1.65.Final.jar;C:\Users\定10086\.m2\repository\com\alibaba\csp\sentinel-cluster-client-default\1.8.5\sentinel-cluster-client-default-1.8.5.jar;C:\Users\定10086\.m2\repository\com\alibaba\cloud\spring-cloud-alibaba-sentinel-datasource\2.2.9.RELEASE\spring-cloud-alibaba-sentinel-datasource-2.2.9.RELEASE.jar;C:\Users\定10086\.m2\repository\com\alibaba\cloud\spring-cloud-alibaba-commons\2.2.9.RELEASE\spring-cloud-alibaba-commons-2.2.9.RELEASE.jar;C:\Users\定10086\.m2\repository\com\alibaba\csp\sentinel-datasource-nacos\1.8.5\sentinel-datasource-nacos-1.8.5.jar;C:\Users\定10086\.m2\repository\com\alibaba\csp\sentinel-datasource-extension\1.8.5\sentinel-datasource-extension-1.8.5.jar;C:\Users\定10086\.m2\repository\com\alibaba\cloud\spring-cloud-alibaba-sentinel-gateway\2.2.9.RELEASE\spring-cloud-alibaba-sentinel-gateway-2.2.9.RELEASE.jar;C:\Users\定10086\.m2\repository\com\alibaba\csp\sentinel-api-gateway-adapter-common\1.8.5\sentinel-api-gateway-adapter-common-1.8.5.jar;C:\Users\定10086\.m2\repository\com\alibaba\csp\sentinel-zuul-adapter\1.8.5\sentinel-zuul-adapter-1.8.5.jar;C:\Users\定10086\.m2\repository\com\alibaba\csp\sentinel-spring-cloud-gateway-adapter\1.8.5\sentinel-spring-cloud-gateway-adapter-1.8.5.jar;C:\Users\定10086\.m2\repository\javax\servlet\javax.servlet-api\4.0.1\javax.servlet-api-4.0.1.jar;C:\Users\定10086\.m2\repository\org\apache\commons\commons-lang3\3.12.0\commons-lang3-3.12.0.jar
Launcher Type: SUN_STANDARD

[Global flags]
     intx CICompilerCount                          = 4                                         {product} {ergonomic}
     uint ConcGCThreads                            = 2                                         {product} {ergonomic}
     uint G1ConcRefinementThreads                  = 8                                         {product} {ergonomic}
   size_t G1HeapRegionSize                         = 1048576                                   {product} {ergonomic}
   size_t InitialHeapSize                          = 134217728                                 {product} {ergonomic}
     bool ManagementServer                         = true                                      {product} {command line}
   size_t MarkStackSize                            = 4194304                                   {product} {ergonomic}
   size_t MaxHeapSize                              = 2124414976                                {product} {ergonomic}
   size_t MinHeapDeltaBytes                        = 1048576                                   {product} {ergonomic}
   size_t MinHeapSize                              = 8388608                                   {product} {ergonomic}
    uintx NonNMethodCodeHeapSize                   = 4096                                   {pd product} {ergonomic}
    uintx NonProfiledCodeHeapSize                  = 0                                      {pd product} {ergonomic}
     bool ProfileInterpreter                       = false                                  {pd product} {command line}
    uintx ProfiledCodeHeapSize                     = 0                                      {pd product} {ergonomic}
   size_t SoftMaxHeapSize                          = 2124414976                             {manageable} {ergonomic}
     intx TieredStopAtLevel                        = 1                                         {product} {command line}
     bool UseCompressedOops                        = true                           {product lp64_product} {ergonomic}
     bool UseG1GC                                  = true                                      {product} {ergonomic}
     bool UseLargePagesIndividualAllocation        = false                                  {pd product} {ergonomic}

Logging:
Log output configuration:
 #0: stdout all=warning uptime,level,tags foldmultilines=false
 #1: stderr all=off uptime,level,tags foldmultilines=false

Environment Variables:
JAVA_HOME=C:\Users\定10086\.jdks\openjdk-22.0.2
CLASSPATH=.;C:\Users\定10086\.jdks\openjdk-22.0.2\lib\dt.jar;C:\Users\定10086\.jdks\openjdk-22.0.2\lib\tools.jar
PATH=C:\Program Files (x86)\Common Files\Oracle\Java\javapath;D:\Program Files (x86)\VMware\VMware Workstation\bin\;C:\Windows\system32;C:\Windows;C:\Windows\System32\Wbem;C:\Windows\System32\WindowsPowerShell\v1.0\;C:\Program Files (x86)\NVIDIA Corporation\PhysX\Common;C:\Program Files\Intel\WiFi\bin\;C:\Program Files\Common Files\Intel\WirelessCommon\;C:\WINDOWS\system32;C:\WINDOWS;C:\WINDOWS\System32\Wbem;C:\WINDOWS\System32\WindowsPowerShell\v1.0\;C:\WINDOWS\System32\OpenSSH\;D:\Program Files\nodejs\;D:\Program Files\nodejs\node_global;D:\gradle-5.6.4\bin;C:\Users\定10086\.jdks\openjdk-22.0.2\bin;C:\Users\定10086\.jdks\openjdk-22.0.2\jre\bin;D:\Program Files\Git\cmd;C:\Users\定10086\.m2\wrapper\dists\apache-maven-3.9.9-bin\4nf9hui3q3djbarqar9g711ggc\apache-maven-3.9.9\bin;;D:\wxDevTool\裏佚web蝕窟宀垢醤\dll;C:\Users\定10086\AppData\Local\Programs\Python\Launcher\;C:\Users\定10086\AppData\Local\Microsoft\WindowsApps;D:\Programs\Microsoft VS Code\bin;D:\Program Files\JetBrains\IntelliJ IDEA 2023.3.4\bin;;D:\Program Files\nodejs\node_global;;D:\JetBrains\PyCharm Community Edition 2024.2.3\bin;;D:\Qoder\bin
USERNAME=定10086
OS=Windows_NT
PROCESSOR_IDENTIFIER=Intel64 Family 6 Model 142 Stepping 10, GenuineIntel
TMP=C:\Users\定10086\AppData\Local\Temp
TEMP=C:\Users\定10086\AppData\Local\Temp




Periodic native trim disabled

---------------  S Y S T E M  ---------------

OS:
 Windows 11 , 64 bit Build 22621 (10.0.22621.5415)
OS uptime: 20 days 23:36 hours
Hyper-V role detected

CPU: total 8 (initial active 8) (4 cores per cpu, 2 threads per core) family 6 model 142 stepping 10 microcode 0xe0, cx8, cmov, fxsr, ht, mmx, 3dnowpref, sse, sse2, sse3, ssse3, sse4.1, sse4.2, popcnt, lzcnt, tsc, tscinvbit, avx, avx2, aes, erms, clmul, bmi1, bmi2, adx, fma, vzeroupper, clflush, clflushopt, hv, rdtscp, f16c
Processor Information for all 8 processors :
  Max Mhz: 1800, Current Mhz: 1600, Mhz Limit: 1584

Memory: 4k page, system-wide physical 8101M (894M free)
TotalPageFile size 19114M (AvailPageFile size 31M)
current process WorkingSet (physical memory assigned to process): 13M, peak: 13M
current process commit charge ("private bytes"): 56M, peak: 183M

vm_info: OpenJDK 64-Bit Server VM (22.0.2+9-70) for windows-amd64 JRE (22.0.2+9-70), built on 2024-06-04T16:52:23Z by "mach5one" with MS VC++ 17.6 (VS2022)

END.
